Arguments: 
  /Users/amulyk/.nvm/versions/node/v12.15.0/bin/node /usr/local/Cellar/yarn/1.22.0/libexec/bin/yarn.js

PATH: 
  /Users/amulyk/.nvm/versions/node/v12.15.0/bin:/usr/local/bin:/usr/bin:/bin:/usr/sbin:/sbin:/Users/amulyk/.nvm/versions/node/v12.15.0/bin

Yarn version: 
  1.22.0

Node version: 
  12.15.0

Platform: 
  darwin x64

Trace: 
  Error: getaddrinfo ENOTFOUND registry.yarnpkg.com
      at GetAddrInfoReqWrap.onlookup [as oncomplete] (dns.js:60:26)

npm manifest: 
  {
    "name": "graphql-webinar-server",
    "version": "1.0.0",
    "main": "index.js",
    "repository": "git@github.com:amulyk/graphql-webinar-server.git",
    "author": "amulyk <amulyk@lectrum.io>",
    "license": "MIT",
    "scripts": {
      "start": "yarn clean && babel-watch ./src/index.js",
      "clean": "rm -rf ./node_modules/.cache/babel-loader"
    },
    "devDependencies": {
      "@babel/core": "^7.8.4",
      "@babel/plugin-transform-runtime": "^7.8.3",
      "babel-plugin-import-graphql": "^2.7.0",
      "babel-preset-latest-node": "^4.0.1",
      "babel-watch": "^7.0.0"
    },
    "dependencies": {
      "@babel/runtime": "^7.8.4",
      "apollo-server-express": "^2.10.0",
      "express": "^4.17.1",
      "uuid": "^3.4.0"
    }
  }

yarn manifest: 
  No manifest

Lockfile: 
  No lockfile
